<?xml version="1.0" encoding="UTF-8"?>
<!-- Generated by org.testng.reporters.JUnitReportReporter -->
<testsuite hostname="HYDPCM536276L" failures="0" tests="3" name="com.testcases.DataProvider01" time="5.142" errors="0" timestamp="2022-05-06T15:59:31 IST" skipped="0">
  <testcase classname="com.testcases.DataProvider01" name="test" time="0.666"/>
  <system-out/>
  <testcase classname="com.testcases.DataProvider01" name="test" time="3.879"/>
  <system-out/>
  <testcase classname="com.testcases.DataProvider01" name="test" time="0.597"/>
  <system-out/>
</testsuite> <!-- com.testcases.DataProvider01 -->
